<?xml version="1.0" encoding="UTF-8"?>
<!-- Generated by org.testng.reporters.JUnitReportReporter -->
<testsuite hostname="LAPTOP-O3UEKIHS" failures="0" tests="1" name="com.CapstoneProject.CapstoneProject.AppTest" time="0.002" errors="0" timestamp="2024-06-18T12:18:07 IST" skipped="0">
  <testcase classname="com.CapstoneProject.CapstoneProject.AppTest" name="testApp" time="0.002"/>
  <system-out/>
</testsuite> <!-- com.CapstoneProject.CapstoneProject.AppTest -->
