<?xml version="1.0" encoding="UTF-8"?>
<!-- Generated by org.testng.reporters.JUnitReportReporter -->
<testsuite hostname="LAPTOP-O3UEKIHS" failures="0" tests="2" name="com.CapstoneProject.CapstoneProject.register" time="13.022" errors="0" timestamp="2024-06-18T20:48:58 IST" skipped="0">
  <testcase classname="com.CapstoneProject.CapstoneProject.register" name="testRegistration" time="6.936"/>
  <testcase classname="com.CapstoneProject.CapstoneProject.register" name="testRegistration" time="6.086"/>
</testsuite> <!-- com.CapstoneProject.CapstoneProject.register -->
