<?xml version="1.0" encoding="UTF-8"?>
<!-- Generated by org.testng.reporters.JUnitReportReporter -->
<testsuite hostname="LAPTOP-O3UEKIHS" failures="0" tests="2" name="com.CapstoneProject.CapstoneProject.register" time="30.976" errors="0" timestamp="2024-06-20T10:12:12 IST" skipped="0">
  <testcase classname="com.CapstoneProject.CapstoneProject.register" name="testRegistration" time="20.758"/>
  <testcase classname="com.CapstoneProject.CapstoneProject.register" name="testRegistration" time="10.218"/>
</testsuite> <!-- com.CapstoneProject.CapstoneProject.register -->
