<?xml version="1.0" encoding="UTF-8"?>
<!-- Generated by org.testng.reporters.JUnitReportReporter -->
<testsuite hostname="LAPTOP-O3UEKIHS" failures="0" tests="3" name="com.CapstoneProject.CapstoneProject.login" time="27.968" errors="0" timestamp="2024-06-20T10:12:12 IST" skipped="0">
  <testcase classname="com.CapstoneProject.CapstoneProject.login" name="testEmptyusernameandpassword" time="8.969"/>
  <testcase classname="com.CapstoneProject.CapstoneProject.login" name="testLogin" time="10.714"/>
  <testcase classname="com.CapstoneProject.CapstoneProject.login" name="testInvalidUsernameandpassword" time="8.285"/>
</testsuite> <!-- com.CapstoneProject.CapstoneProject.login -->
