<?xml version="1.0" encoding="UTF-8"?>
<!-- Generated by org.testng.reporters.JUnitReportReporter -->
<testsuite hostname="LAPTOP-O3UEKIHS" failures="0" tests="1" name="com.CapstoneProject.CapstoneProject.register" time="14.651" errors="0" timestamp="2024-06-16T00:01:48 IST" skipped="0">
  <testcase classname="com.CapstoneProject.CapstoneProject.register" name="registerNewUser" time="14.651"/>
</testsuite> <!-- com.CapstoneProject.CapstoneProject.register -->
