<?xml version="1.0" encoding="UTF-8"?>
<!-- Generated by org.testng.reporters.JUnitReportReporter -->
<testsuite hostname="LAPTOP-O3UEKIHS" failures="0" tests="1" name="com.CapstoneProject.CapstoneProject.homepage" time="67.880" errors="0" timestamp="2024-06-20T10:12:12 IST" skipped="0">
  <testcase classname="com.CapstoneProject.CapstoneProject.homepage" name="navigateJPetStore" time="67.880"/>
</testsuite> <!-- com.CapstoneProject.CapstoneProject.homepage -->
