<?xml version="1.0" encoding="UTF-8"?>
<!-- Generated by org.testng.reporters.JUnitReportReporter -->
<testsuite hostname="LAPTOP-O3UEKIHS" failures="0" tests="6" name="com.CapstoneProject.CapstoneProject.search" time="47.349" errors="0" timestamp="2024-06-16T18:22:16 IST" skipped="0">
  <testcase classname="com.CapstoneProject.CapstoneProject.search" name="findsearchbox" time="5.590"/>
  <testcase classname="com.CapstoneProject.CapstoneProject.search" name="sendkeys" time="2.971"/>
  <testcase classname="com.CapstoneProject.CapstoneProject.search" name="search" time="13.626"/>
  <testcase classname="com.CapstoneProject.CapstoneProject.search" name="validsearch" time="1.264"/>
  <testcase classname="com.CapstoneProject.CapstoneProject.search" name="emptysearch" time="12.936"/>
  <testcase classname="com.CapstoneProject.CapstoneProject.search" name="invalidsearch" time="10.962"/>
</testsuite> <!-- com.CapstoneProject.CapstoneProject.search -->
