<?xml version="1.0" encoding="UTF-8"?>
<!-- Generated by org.testng.reporters.JUnitReportReporter -->
<testsuite hostname="LAPTOP-O3UEKIHS" failures="0" tests="6" name="com.CapstoneProject.CapstoneProject.search" time="48.852" errors="0" timestamp="2024-06-17T16:21:33 IST" skipped="0">
  <testcase classname="com.CapstoneProject.CapstoneProject.search" name="findsearchbox" time="3.224"/>
  <testcase classname="com.CapstoneProject.CapstoneProject.search" name="sendkeys" time="3.360"/>
  <testcase classname="com.CapstoneProject.CapstoneProject.search" name="search" time="15.012"/>
  <testcase classname="com.CapstoneProject.CapstoneProject.search" name="validsearch" time="2.835"/>
  <testcase classname="com.CapstoneProject.CapstoneProject.search" name="emptysearch" time="13.180"/>
  <testcase classname="com.CapstoneProject.CapstoneProject.search" name="invalidsearch" time="11.241"/>
</testsuite> <!-- com.CapstoneProject.CapstoneProject.search -->
