<?xml version="1.0" encoding="UTF-8"?>
<!-- Generated by org.testng.reporters.JUnitReportReporter -->
<testsuite hostname="LAPTOP-O3UEKIHS" failures="0" tests="6" name="com.CapstoneProject.CapstoneProject.search" time="9.684" errors="0" timestamp="2024-06-19T17:00:35 IST" skipped="0">
  <testcase classname="com.CapstoneProject.CapstoneProject.search" name="findsearchbox" time="2.967"/>
  <testcase classname="com.CapstoneProject.CapstoneProject.search" name="sendkeys" time="3.118"/>
  <testcase classname="com.CapstoneProject.CapstoneProject.search" name="search" time="3.232"/>
  <testcase classname="com.CapstoneProject.CapstoneProject.search" name="validsearch" time="0.173"/>
  <testcase classname="com.CapstoneProject.CapstoneProject.search" name="emptysearch" time="0.126"/>
  <testcase classname="com.CapstoneProject.CapstoneProject.search" name="invalidsearch" time="0.068"/>
</testsuite> <!-- com.CapstoneProject.CapstoneProject.search -->
