<?xml version="1.0" encoding="UTF-8"?>
<!-- Generated by org.testng.reporters.JUnitReportReporter -->
<testsuite hostname="LAPTOP-O3UEKIHS" failures="0" tests="2" name="com.CapstoneProject.CapstoneProject.register" time="31.153" errors="0" timestamp="2024-06-17T08:21:05 IST" skipped="0">
  <testcase classname="com.CapstoneProject.CapstoneProject.register" name="registerNewUser" time="10.355"/>
  <testcase classname="com.CapstoneProject.CapstoneProject.register" name="invalidRegistration" time="20.798"/>
</testsuite> <!-- com.CapstoneProject.CapstoneProject.register -->
