<?xml version="1.0" encoding="UTF-8"?>
<!-- Generated by org.testng.reporters.JUnitReportReporter -->
<testsuite hostname="LAPTOP-O3UEKIHS" failures="0" tests="1" name="com.CapstoneProject.CapstoneProject.login" time="8.900" errors="0" timestamp="2024-06-15T23:51:59 IST" skipped="0">
  <testcase classname="com.CapstoneProject.CapstoneProject.login" name="testLogin" time="8.900"/>
</testsuite> <!-- com.CapstoneProject.CapstoneProject.login -->
