<?xml version="1.0" encoding="UTF-8"?>
<!-- Generated by org.testng.reporters.JUnitReportReporter -->
<testsuite hostname="LAPTOP-O3UEKIHS" failures="0" tests="6" name="com.CapstoneProject.CapstoneProject.search" time="44.545" errors="0" timestamp="2024-06-20T10:41:31 IST" skipped="0">
  <testcase classname="com.CapstoneProject.CapstoneProject.search" name="findsearchbox" time="2.882"/>
  <testcase classname="com.CapstoneProject.CapstoneProject.search" name="sendkeys" time="2.947"/>
  <testcase classname="com.CapstoneProject.CapstoneProject.search" name="search" time="13.876"/>
  <testcase classname="com.CapstoneProject.CapstoneProject.search" name="validsearch" time="0.897"/>
  <testcase classname="com.CapstoneProject.CapstoneProject.search" name="emptysearch" time="12.984"/>
  <testcase classname="com.CapstoneProject.CapstoneProject.search" name="invalidsearch" time="10.959"/>
</testsuite> <!-- com.CapstoneProject.CapstoneProject.search -->
