<?xml version="1.0" encoding="UTF-8"?>
<!-- Generated by org.testng.reporters.JUnitReportReporter -->
<testsuite hostname="LAPTOP-O3UEKIHS" failures="0" tests="5" name="com.CapstoneProject.CapstoneProject.login" time="60.175" errors="0" timestamp="2024-06-17T16:29:03 IST" skipped="0">
  <testcase classname="com.CapstoneProject.CapstoneProject.login" name="invalidusername" time="11.420"/>
  <testcase classname="com.CapstoneProject.CapstoneProject.login" name="testLogin" time="11.573"/>
  <testcase classname="com.CapstoneProject.CapstoneProject.login" name="emptyusername" time="12.865"/>
  <testcase classname="com.CapstoneProject.CapstoneProject.login" name="Invalidpassword" time="11.747"/>
  <testcase classname="com.CapstoneProject.CapstoneProject.login" name="emptypassword" time="12.570"/>
</testsuite> <!-- com.CapstoneProject.CapstoneProject.login -->
