<?xml version="1.0" encoding="UTF-8"?>
<!-- Generated by org.testng.reporters.JUnitReportReporter -->
<testsuite hostname="LAPTOP-O3UEKIHS" failures="0" tests="6" name="com.CapstoneProject.CapstoneProject.search" time="50.717" errors="0" timestamp="2024-06-18T12:21:13 IST" skipped="0">
  <testcase classname="com.CapstoneProject.CapstoneProject.search" name="findsearchbox" time="6.289"/>
  <testcase classname="com.CapstoneProject.CapstoneProject.search" name="sendkeys" time="3.349"/>
  <testcase classname="com.CapstoneProject.CapstoneProject.search" name="search" time="15.593"/>
  <testcase classname="com.CapstoneProject.CapstoneProject.search" name="validsearch" time="1.240"/>
  <testcase classname="com.CapstoneProject.CapstoneProject.search" name="emptysearch" time="13.088"/>
  <testcase classname="com.CapstoneProject.CapstoneProject.search" name="invalidsearch" time="11.158"/>
</testsuite> <!-- com.CapstoneProject.CapstoneProject.search -->
