<?xml version="1.0" encoding="UTF-8"?>
<!-- Generated by org.testng.reporters.JUnitReportReporter -->
<testsuite hostname="LAPTOP-O3UEKIHS" failures="0" tests="1" name="cart.CartRunnerWrapper" time="95.808" errors="0" timestamp="2024-06-20T10:12:12 IST" skipped="0">
  <testcase classname="cart.CartRunnerWrapper" name="runCart" time="95.808"/>
</testsuite> <!-- cart.CartRunnerWrapper -->
