<?xml version="1.0" encoding="UTF-8"?>
<!-- Generated by org.testng.reporters.JUnitReportReporter -->
<testsuite hostname="LAPTOP-O3UEKIHS" failures="0" tests="1" name="com.CapstoneProject.CapstoneProject.productdetails" time="65.499" errors="0" timestamp="2024-06-17T07:42:18 IST" skipped="0">
  <testcase classname="com.CapstoneProject.CapstoneProject.productdetails" name="testProductDetails" time="65.499"/>
</testsuite> <!-- com.CapstoneProject.CapstoneProject.productdetails -->
