<?xml version="1.0" encoding="UTF-8"?>
<!-- Generated by org.testng.reporters.JUnitReportReporter -->
<testsuite hostname="LAPTOP-O3UEKIHS" failures="0" tests="1" name="com.CapstoneProject.CapstoneProject.accountdetails" time="9.083" errors="0" timestamp="2024-06-20T10:12:12 IST" skipped="0">
  <testcase classname="com.CapstoneProject.CapstoneProject.accountdetails" name="testLoginAndViewAccountDetails" time="9.083"/>
</testsuite> <!-- com.CapstoneProject.CapstoneProject.accountdetails -->
